[02:07:45] [Server thread/INFO]: Starting minecraft server version 1.8.8
[02:07:45] [Server thread/INFO]: Loading properties
[02:07:45] [Server thread/INFO]: Default game type: SURVIVAL
[02:07:45] [Server thread/INFO]: This server is running FlamePaper version git-PaperSpigot-535480ec (MC: 1.8.8) (Implementing API version 1.8.8-R0.1)
[02:07:45] [Server thread/INFO]: Server Ping Player Sample Count: 12
[02:07:45] [Server thread/INFO]: Spigot Timings: true - Verbose: true - Interval: 5m - Length: 60m
[02:07:45] [Server thread/INFO]: Using 4 threads for Netty based IO
[02:07:45] [Server thread/INFO]: Debug logging is disabled
[02:07:45] [Server thread/INFO]: Data value allowed items: 
[02:07:45] [Server thread/INFO]: Generating keypair
[02:07:45] [Server thread/INFO]: Starting Minecraft server on 0.0.0.0:25602
[02:07:45] [Server thread/INFO]: Using epoll channel type
[02:07:45] [Server thread/INFO]: Set PluginClassLoader as parallel capable
[02:07:45] [Server thread/INFO]: [AsyncWorldEditInjector] Loading AsyncWorldEditInjector v3.5.2
[02:07:45] [Server thread/INFO]: [VoidGen] Loading VoidGen v2.2.1
[02:07:45] [Server thread/INFO]: [AsyncWorldEdit] Loading AsyncWorldEdit v3.5.4
[02:07:45] [Server thread/INFO]: [PlaceholderAPI] Loading PlaceholderAPI v2.11.3
[02:07:45] [Server thread/INFO]: [ViaVersion] Loading ViaVersion v4.7.1-SNAPSHOT
[02:07:45] [Server thread/INFO]: [ViaVersion] ViaVersion 4.7.1-SNAPSHOT is now loaded. Registering protocol transformers and injecting...
[02:07:46] [Via-Mappingloader-0/INFO]: [ViaVersion] Loading block connection mappings ...
[02:07:46] [Server thread/INFO]: [Vault] Loading Vault v1.7.3-b131
[02:07:46] [Server thread/INFO]: [Multiverse-Core] Loading Multiverse-Core v2.5-b699
[02:07:46] [Server thread/INFO]: [WorldEdit] Loading WorldEdit v6.1.8-SNAPSHOT;cd4729f
[02:07:46] [Server thread/INFO]: [JetsPrisonMines] Loading JetsPrisonMines v4.2.2
[02:07:46] [Server thread/INFO]: [AdvancedSetSpawn] Loading AdvancedSetSpawn v2.5
[02:07:46] [Server thread/INFO]: [BetterEconomy] Loading BetterEconomy v2.15
[02:07:46] [Server thread/INFO]: [WorldGuard] Loading WorldGuard v6.1.3-SNAPSHOT;c904242
[02:07:46] [Server thread/INFO]: [Citizens] Loading Citizens v2.0.32-SNAPSHOT (build 3156)
[02:07:46] [Server thread/INFO]: [EdPrison] Loading EdPrison v5.0
[02:07:46] [Server thread/INFO]: [EdPrison] Loaded WorldGuard 1.8
[02:07:46] [Server thread/INFO]: [AsyncWorldEditInjector] Enabling AsyncWorldEditInjector v3.5.2
[02:07:46] [Server thread/INFO]: [AsyncWorldEditInjector] Injector platform set to: InjectorBukkit
[02:07:46] [Server thread/INFO]: [AsyncWorldEditInjector] Injecting WorldEdit classes...
[02:07:46] [Server thread/INFO]: [AsyncWorldEditInjector] Class com.sk89q.worldedit.EditSession injected.
[02:07:46] [Server thread/INFO]: [AsyncWorldEditInjector] Class com.sk89q.worldedit.function.operation.Operations injected.
[02:07:46] [Server thread/INFO]: [AsyncWorldEditInjector] Class com.sk89q.worldedit.function.operation.ForwardExtentCopy injected.
[02:07:46] [Server thread/INFO]: [AsyncWorldEditInjector] Class com.sk89q.worldedit.extent.clipboard.BlockArrayClipboard injected.
[02:07:46] [Server thread/INFO]: [AsyncWorldEditInjector] Class com.sk89q.worldedit.command.FlattenedClipboardTransform injected.
[02:07:46] [Server thread/INFO]: [AsyncWorldEditInjector] Class com.sk89q.worldedit.command.SnapshotUtilCommands injected.
[02:07:46] [Server thread/INFO]: [AsyncWorldEditInjector] Class com.sk89q.worldedit.extent.clipboard.io.ClipboardFormat injected.
[02:07:46] [Server thread/INFO]: [AsyncWorldEditInjector] Enabled
[02:07:46] [Server thread/INFO]: [VoidGen] Enabling VoidGen v2.2.1
[02:07:46] [Server thread/INFO]: [VoidGen] Using VoidChunkGen: VERSION_1_8
[02:07:46] [Server thread/INFO]: [AsyncWorldEdit] Enabling AsyncWorldEdit v3.5.4
[02:07:46] [Server thread/INFO]: [AsyncWorldEdit] Plugin installed
[02:07:46] [Server thread/INFO]: [AsyncWorldEdit] Platform set to Bukkit API
[02:07:46] [Server thread/INFO]: [AsyncWorldEdit] ===================================================================================
[02:07:46] [Server thread/INFO]: [AsyncWorldEdit] =     ___                         _       __           __    ________    ___ __   =
[02:07:46] [Server thread/INFO]: [AsyncWorldEdit] =    /   |  _______  ______  ____| |     / /___  _____/ /___/ / ____/___/ (_) /_  =
[02:07:46] [Server thread/INFO]: [AsyncWorldEdit] =   / /| | / ___/ / / / __ \/ ___/ | /| / / __ \/ ___/ / __  / __/ / __  / / __/  =
[02:07:46] [Server thread/INFO]: [AsyncWorldEdit] =  / ___ |(__  ) /_/ / / / / /__ | |/ |/ / /_/ / /  / / /_/ / /___/ /_/ / / /_    =
[02:07:46] [Server thread/INFO]: [AsyncWorldEdit] = /_/  |_/____/\__, /_/ /_/\___/ |__/|__/\____/_/  /_/\__,_/_____/\__,_/_/\__/    =
[02:07:46] [Server thread/INFO]: [AsyncWorldEdit] =             /____/                                                              =
[02:07:46] [Server thread/INFO]: [AsyncWorldEdit] = Author: SBPrime                                                                 =
[02:07:46] [Server thread/INFO]: [AsyncWorldEdit] =                                                                                 =
[02:07:46] [Server thread/INFO]: [AsyncWorldEdit] ===================================================================================
[02:07:46] [Thread-6/INFO]: [AsyncWorldEdit] Undo cleanup started...
[02:07:46] [Thread-6/INFO]: [AsyncWorldEdit] ...undo cleanup done.
[02:07:46] [Server thread/INFO]: [AsyncWorldEdit] DirectChunkAPI adapter set to Spigot v1.8 R3
[02:07:46] [Server thread/INFO]: [AsyncWorldEdit] PlotMeFix set to class org.primesoft.asyncworldedit.plotme.NullFix.
[02:07:46] [Server thread/INFO]: [AsyncWorldEditInjector] New class factory set to: org.primesoft.asyncworldedit.injector.async.AsyncClassFactory
[02:07:46] [Server thread/INFO]: [AsyncWorldEdit] Enabled
[02:07:46] [Server thread/INFO]: [Vault] Enabling Vault v1.7.3-b131
[02:07:46] [Thread-7/INFO]: [AsyncWorldEdit] You have an old version of the plugin. Your version: 3.5.4, available version: 3.9.4
[02:07:46] [Server thread/INFO]: [Vault] [Permission] SuperPermissions loaded as backup permission system.
[02:07:46] [Server thread/INFO]: [Vault] Enabled Version 1.7.3-b131
[02:07:46] [Server thread/WARN]: **** SERVER IS RUNNING IN OFFLINE/INSECURE MODE!
[02:07:46] [Server thread/WARN]: The server will make no attempt to authenticate usernames. Beware.
[02:07:46] [Server thread/WARN]: Whilst this makes it possible to use BungeeCord, unless access to your server is properly restricted, it also opens up the ability for hackers to connect with any username they choose.
[02:07:46] [Server thread/WARN]: Please see http://www.spigotmc.org/wiki/firewall-guide/ for further information.
[02:07:46] [Server thread/WARN]: To change this, set "online-mode" to "true" in the server.properties file.
[02:07:46] [Server thread/INFO]: **** Beginning UUID conversion, this may take A LONG time ****
[02:07:46] [Server thread/INFO]: Preparing level "world"
[02:07:46] [Server thread/INFO]: -------- World Settings For [world] --------
[02:07:46] [Server thread/INFO]: Mob Spawn Range: 4
[02:07:46] [Server thread/INFO]: Anti X-Ray: true
[02:07:46] [Server thread/INFO]: 	Engine Mode: 1
[02:07:46] [Server thread/INFO]: 	Hidden Blocks: [14, 15, 16, 21, 48, 49, 54, 56, 73, 74, 82, 129, 130]
[02:07:46] [Server thread/INFO]: 	Replace Blocks: [1, 5]
[02:07:46] [Server thread/INFO]: Nerfing mobs spawned from spawners: false
[02:07:46] [Server thread/INFO]: Cactus Growth Modifier: 100%
[02:07:46] [Server thread/INFO]: Cane Growth Modifier: 100%
[02:07:46] [Server thread/INFO]: Melon Growth Modifier: 100%
[02:07:46] [Server thread/INFO]: Mushroom Growth Modifier: 100%
[02:07:46] [Server thread/INFO]: Pumpkin Growth Modifier: 100%
[02:07:46] [Server thread/INFO]: Sapling Growth Modifier: 100%
[02:07:46] [Server thread/INFO]: Wheat Growth Modifier: 100%
[02:07:46] [Server thread/INFO]: NetherWart Growth Modifier: 100%
[02:07:46] [Server thread/INFO]: Entity Activation Range: An 32 / Mo 32 / Mi 16
[02:07:46] [Server thread/INFO]: Entity Tracking Range: Pl 48 / An 48 / Mo 48 / Mi 32 / Other 64
[02:07:46] [Server thread/INFO]: Hopper Transfer: 8 Hopper Check: 8 Hopper Amount: 1
[02:07:46] [Server thread/INFO]: Random Lighting Updates: false
[02:07:46] [Server thread/INFO]: Structure Info Saving: true
[02:07:46] [Server thread/INFO]: Sending up to 10 chunks per packet
[02:07:46] [Server thread/INFO]: Max Entity Collisions: 8
[02:07:46] [Server thread/INFO]: Custom Map Seeds:  Village: 10387312 Feature: 14357617
[02:07:46] [Server thread/INFO]: Max TNT Explosions: 100
[02:07:46] [Server thread/INFO]: Tile Max Tick Time: 50ms Entity max Tick Time: 50ms
[02:07:46] [Server thread/INFO]: Item Despawn Rate: 6000
[02:07:46] [Server thread/INFO]: Item Merge Radius: 2.5
[02:07:46] [Server thread/INFO]: Arrow Despawn Rate: 1200
[02:07:46] [Server thread/INFO]: Allow Zombie Pigmen to spawn from portal blocks: true
[02:07:46] [Server thread/INFO]: View Distance: 10
[02:07:46] [Server thread/INFO]: Zombie Aggressive Towards Villager: true
[02:07:46] [Server thread/INFO]: Chunks to Grow per Tick: 650
[02:07:46] [Server thread/INFO]: Clear tick list: false
[02:07:46] [Server thread/INFO]: Experience Merge Radius: 3.0
[02:07:46] [Server thread/INFO]: -------- World Settings For [world] --------
[02:07:46] [Server thread/INFO]: Living Entity Despawn Ranges:  Soft: 32 Hard: 128
[02:07:46] [Server thread/INFO]: Max height for cactus growth 3. Max height for reed growth 3
[02:07:46] [Server thread/INFO]: Player blocking damage multiplier set to 0.5
[02:07:46] [Server thread/INFO]: Remove invalid mob spawner tile entities: true
[02:07:46] [Server thread/INFO]: Squids will spawn between Y: 45.0 and Y: 63.0
[02:07:46] [Server thread/INFO]: Water over lava flow speed: 5
[02:07:46] [Server thread/INFO]: Fix TNT cannons: true
[02:07:46] [Server thread/INFO]: Allow undead horse types to be leashed: false
[02:07:46] [Server thread/INFO]: Keep spawn chunk loaded: true
[02:07:46] [Server thread/INFO]: World async lighting: false
[02:07:46] [Server thread/INFO]: WorldServer TickNextTick cap set at 10000
[02:07:46] [Server thread/INFO]: WorldServer TickNextTickList cap always processes redstone: false
[02:07:46] [Server thread/INFO]: -------- World Settings For [world_nether] --------
[02:07:46] [Server thread/INFO]: Mob Spawn Range: 4
[02:07:46] [Server thread/INFO]: Anti X-Ray: true
[02:07:46] [Server thread/INFO]: 	Engine Mode: 1
[02:07:46] [Server thread/INFO]: 	Hidden Blocks: [14, 15, 16, 21, 48, 49, 54, 56, 73, 74, 82, 129, 130]
[02:07:46] [Server thread/INFO]: 	Replace Blocks: [1, 5]
[02:07:46] [Server thread/INFO]: Nerfing mobs spawned from spawners: false
[02:07:46] [Server thread/INFO]: Cactus Growth Modifier: 100%
[02:07:46] [Server thread/INFO]: Cane Growth Modifier: 100%
[02:07:46] [Server thread/INFO]: Melon Growth Modifier: 100%
[02:07:46] [Server thread/INFO]: Mushroom Growth Modifier: 100%
[02:07:46] [Server thread/INFO]: Pumpkin Growth Modifier: 100%
[02:07:46] [Server thread/INFO]: Sapling Growth Modifier: 100%
[02:07:46] [Server thread/INFO]: Wheat Growth Modifier: 100%
[02:07:46] [Server thread/INFO]: NetherWart Growth Modifier: 100%
[02:07:46] [Server thread/INFO]: Entity Activation Range: An 32 / Mo 32 / Mi 16
[02:07:46] [Server thread/INFO]: Entity Tracking Range: Pl 48 / An 48 / Mo 48 / Mi 32 / Other 64
[02:07:46] [Server thread/INFO]: Hopper Transfer: 8 Hopper Check: 8 Hopper Amount: 1
[02:07:46] [Server thread/INFO]: Random Lighting Updates: false
[02:07:46] [Server thread/INFO]: Structure Info Saving: true
[02:07:46] [Server thread/INFO]: Sending up to 10 chunks per packet
[02:07:46] [Server thread/INFO]: Max Entity Collisions: 8
[02:07:46] [Server thread/INFO]: Custom Map Seeds:  Village: 10387312 Feature: 14357617
[02:07:46] [Server thread/INFO]: Max TNT Explosions: 100
[02:07:46] [Server thread/INFO]: Tile Max Tick Time: 50ms Entity max Tick Time: 50ms
[02:07:46] [Server thread/INFO]: Item Despawn Rate: 6000
[02:07:46] [Server thread/INFO]: Item Merge Radius: 2.5
[02:07:46] [Server thread/INFO]: Arrow Despawn Rate: 1200
[02:07:46] [Server thread/INFO]: Allow Zombie Pigmen to spawn from portal blocks: true
[02:07:46] [Server thread/INFO]: View Distance: 10
[02:07:46] [Server thread/INFO]: Zombie Aggressive Towards Villager: true
[02:07:46] [Server thread/INFO]: Chunks to Grow per Tick: 650
[02:07:46] [Server thread/INFO]: Clear tick list: false
[02:07:46] [Server thread/INFO]: Experience Merge Radius: 3.0
[02:07:46] [Server thread/INFO]: -------- World Settings For [world_nether] --------
[02:07:46] [Server thread/INFO]: Living Entity Despawn Ranges:  Soft: 32 Hard: 128
[02:07:46] [Server thread/INFO]: Max height for cactus growth 3. Max height for reed growth 3
[02:07:46] [Server thread/INFO]: Player blocking damage multiplier set to 0.5
[02:07:46] [Server thread/INFO]: Remove invalid mob spawner tile entities: true
[02:07:46] [Server thread/INFO]: Squids will spawn between Y: 45.0 and Y: 63.0
[02:07:46] [Server thread/INFO]: Water over lava flow speed: 5
[02:07:46] [Server thread/INFO]: Fix TNT cannons: true
[02:07:46] [Server thread/INFO]: Allow undead horse types to be leashed: false
[02:07:46] [Server thread/INFO]: Keep spawn chunk loaded: true
[02:07:46] [Server thread/INFO]: World async lighting: false
[02:07:46] [Server thread/INFO]: WorldServer TickNextTick cap set at 10000
[02:07:46] [Server thread/INFO]: WorldServer TickNextTickList cap always processes redstone: false
[02:07:46] [Server thread/INFO]: -------- World Settings For [world_the_end] --------
[02:07:46] [Server thread/INFO]: Mob Spawn Range: 4
[02:07:46] [Server thread/INFO]: Anti X-Ray: true
[02:07:46] [Server thread/INFO]: 	Engine Mode: 1
[02:07:46] [Server thread/INFO]: 	Hidden Blocks: [14, 15, 16, 21, 48, 49, 54, 56, 73, 74, 82, 129, 130]
[02:07:46] [Server thread/INFO]: 	Replace Blocks: [1, 5]
[02:07:46] [Server thread/INFO]: Nerfing mobs spawned from spawners: false
[02:07:46] [Server thread/INFO]: Cactus Growth Modifier: 100%
[02:07:46] [Server thread/INFO]: Cane Growth Modifier: 100%
[02:07:46] [Server thread/INFO]: Melon Growth Modifier: 100%
[02:07:46] [Server thread/INFO]: Mushroom Growth Modifier: 100%
[02:07:46] [Server thread/INFO]: Pumpkin Growth Modifier: 100%
[02:07:46] [Server thread/INFO]: Sapling Growth Modifier: 100%
[02:07:46] [Server thread/INFO]: Wheat Growth Modifier: 100%
[02:07:46] [Server thread/INFO]: NetherWart Growth Modifier: 100%
[02:07:46] [Server thread/INFO]: Entity Activation Range: An 32 / Mo 32 / Mi 16
[02:07:46] [Server thread/INFO]: Entity Tracking Range: Pl 48 / An 48 / Mo 48 / Mi 32 / Other 64
[02:07:46] [Server thread/INFO]: Hopper Transfer: 8 Hopper Check: 8 Hopper Amount: 1
[02:07:46] [Server thread/INFO]: Random Lighting Updates: false
[02:07:46] [Server thread/INFO]: Structure Info Saving: true
[02:07:46] [Server thread/INFO]: Sending up to 10 chunks per packet
[02:07:46] [Server thread/INFO]: Max Entity Collisions: 8
[02:07:46] [Server thread/INFO]: Custom Map Seeds:  Village: 10387312 Feature: 14357617
[02:07:46] [Server thread/INFO]: Max TNT Explosions: 100
[02:07:46] [Server thread/INFO]: Tile Max Tick Time: 50ms Entity max Tick Time: 50ms
[02:07:46] [Server thread/INFO]: Item Despawn Rate: 6000
[02:07:46] [Server thread/INFO]: Item Merge Radius: 2.5
[02:07:46] [Server thread/INFO]: Arrow Despawn Rate: 1200
[02:07:46] [Server thread/INFO]: Allow Zombie Pigmen to spawn from portal blocks: true
[02:07:46] [Server thread/INFO]: View Distance: 10
[02:07:46] [Server thread/INFO]: Zombie Aggressive Towards Villager: true
[02:07:46] [Server thread/INFO]: Chunks to Grow per Tick: 650
[02:07:46] [Server thread/INFO]: Clear tick list: false
[02:07:46] [Server thread/INFO]: Experience Merge Radius: 3.0
[02:07:46] [Server thread/INFO]: -------- World Settings For [world_the_end] --------
[02:07:46] [Server thread/INFO]: Living Entity Despawn Ranges:  Soft: 32 Hard: 128
[02:07:46] [Server thread/INFO]: Max height for cactus growth 3. Max height for reed growth 3
[02:07:46] [Server thread/INFO]: Player blocking damage multiplier set to 0.5
[02:07:46] [Server thread/INFO]: Remove invalid mob spawner tile entities: true
[02:07:46] [Server thread/INFO]: Squids will spawn between Y: 45.0 and Y: 63.0
[02:07:46] [Server thread/INFO]: Water over lava flow speed: 5
[02:07:46] [Server thread/INFO]: Fix TNT cannons: true
[02:07:46] [Server thread/INFO]: Allow undead horse types to be leashed: false
[02:07:46] [Server thread/INFO]: Keep spawn chunk loaded: true
[02:07:46] [Server thread/INFO]: World async lighting: false
[02:07:46] [Server thread/INFO]: WorldServer TickNextTick cap set at 10000
[02:07:46] [Server thread/INFO]: WorldServer TickNextTickList cap always processes redstone: false
[02:07:46] [Server thread/INFO]: [PlaceholderAPI] Enabling PlaceholderAPI v2.11.3
[02:07:47] [Server thread/INFO]: [PlaceholderAPI] Fetching available expansion information...
[02:07:47] [Server thread/INFO]: [ViaVersion] Enabling ViaVersion v4.7.1-SNAPSHOT
[02:07:47] [Server thread/INFO]: [Multiverse-Core] Enabling Multiverse-Core v2.5-b699
[02:07:47] [Server thread/INFO]: [VoidGen] Generator settings have not been set. Using default values:
[02:07:47] [Server thread/INFO]: [VoidGen] {"caves":false,"decoration":false,"mobs":false,"structures":false,"noise":false,"surface":false,"bedrock":false}
[02:07:47] [Server thread/INFO]: -------- World Settings For [mines] --------
[02:07:47] [Server thread/INFO]: Mob Spawn Range: 4
[02:07:47] [Server thread/INFO]: Anti X-Ray: true
[02:07:47] [Server thread/INFO]: 	Engine Mode: 1
[02:07:47] [Server thread/INFO]: 	Hidden Blocks: [14, 15, 16, 21, 48, 49, 54, 56, 73, 74, 82, 129, 130]
[02:07:47] [Server thread/INFO]: 	Replace Blocks: [1, 5]
[02:07:47] [Server thread/INFO]: Nerfing mobs spawned from spawners: false
[02:07:47] [Server thread/INFO]: Cactus Growth Modifier: 100%
[02:07:47] [Server thread/INFO]: Cane Growth Modifier: 100%
[02:07:47] [Server thread/INFO]: Melon Growth Modifier: 100%
[02:07:47] [Server thread/INFO]: Mushroom Growth Modifier: 100%
[02:07:47] [Server thread/INFO]: Pumpkin Growth Modifier: 100%
[02:07:47] [Server thread/INFO]: Sapling Growth Modifier: 100%
[02:07:47] [Server thread/INFO]: Wheat Growth Modifier: 100%
[02:07:47] [Server thread/INFO]: NetherWart Growth Modifier: 100%
[02:07:47] [Server thread/INFO]: Entity Activation Range: An 32 / Mo 32 / Mi 16
[02:07:47] [Server thread/INFO]: Entity Tracking Range: Pl 48 / An 48 / Mo 48 / Mi 32 / Other 64
[02:07:47] [Server thread/INFO]: Hopper Transfer: 8 Hopper Check: 8 Hopper Amount: 1
[02:07:47] [Server thread/INFO]: Random Lighting Updates: false
[02:07:47] [Server thread/INFO]: Structure Info Saving: true
[02:07:47] [Server thread/INFO]: Sending up to 10 chunks per packet
[02:07:47] [Server thread/INFO]: Max Entity Collisions: 8
[02:07:47] [Server thread/INFO]: Custom Map Seeds:  Village: 10387312 Feature: 14357617
[02:07:47] [Server thread/INFO]: Max TNT Explosions: 100
[02:07:47] [Server thread/INFO]: Tile Max Tick Time: 50ms Entity max Tick Time: 50ms
[02:07:47] [Server thread/INFO]: Item Despawn Rate: 6000
[02:07:47] [Server thread/INFO]: Item Merge Radius: 2.5
[02:07:47] [Server thread/INFO]: Arrow Despawn Rate: 1200
[02:07:47] [Server thread/INFO]: Allow Zombie Pigmen to spawn from portal blocks: true
[02:07:47] [Server thread/INFO]: View Distance: 10
[02:07:47] [Server thread/INFO]: Zombie Aggressive Towards Villager: true
[02:07:47] [Server thread/INFO]: Chunks to Grow per Tick: 650
[02:07:47] [Server thread/INFO]: Clear tick list: false
[02:07:47] [Server thread/INFO]: Experience Merge Radius: 3.0
[02:07:47] [Server thread/INFO]: -------- World Settings For [mines] --------
[02:07:47] [Server thread/INFO]: Living Entity Despawn Ranges:  Soft: 32 Hard: 128
[02:07:47] [Server thread/INFO]: Max height for cactus growth 3. Max height for reed growth 3
[02:07:47] [Server thread/INFO]: Player blocking damage multiplier set to 0.5
[02:07:47] [Server thread/INFO]: Remove invalid mob spawner tile entities: true
[02:07:47] [Server thread/INFO]: Squids will spawn between Y: 45.0 and Y: 63.0
[02:07:47] [Server thread/INFO]: Water over lava flow speed: 5
[02:07:47] [Server thread/INFO]: Fix TNT cannons: true
[02:07:47] [Server thread/INFO]: Allow undead horse types to be leashed: false
[02:07:47] [Server thread/INFO]: Keep spawn chunk loaded: true
[02:07:47] [Server thread/INFO]: World async lighting: false
[02:07:47] [Server thread/INFO]: WorldServer TickNextTick cap set at 10000
[02:07:47] [Server thread/INFO]: WorldServer TickNextTickList cap always processes redstone: false
[02:07:47] [Server thread/INFO]: Preparing start region for level 3 (Seed: -4216530450634206070)
[02:07:47] [Server thread/INFO]: [VoidGen] Generator settings have not been set. Using default values:
[02:07:47] [Server thread/INFO]: [VoidGen] {"caves":false,"decoration":false,"mobs":false,"structures":false,"noise":false,"surface":false,"bedrock":false}
[02:07:47] [Server thread/INFO]: [VoidGen] Generator settings have not been set. Using default values:
[02:07:47] [Server thread/INFO]: [VoidGen] {"caves":false,"decoration":false,"mobs":false,"structures":false,"noise":false,"surface":false,"bedrock":false}
[02:07:47] [Server thread/INFO]: -------- World Settings For [Lobby] --------
[02:07:47] [Server thread/INFO]: Mob Spawn Range: 4
[02:07:47] [Server thread/INFO]: Anti X-Ray: true
[02:07:47] [Server thread/INFO]: 	Engine Mode: 1
[02:07:47] [Server thread/INFO]: 	Hidden Blocks: [14, 15, 16, 21, 48, 49, 54, 56, 73, 74, 82, 129, 130]
[02:07:47] [Server thread/INFO]: 	Replace Blocks: [1, 5]
[02:07:47] [Server thread/INFO]: Nerfing mobs spawned from spawners: false
[02:07:47] [Server thread/INFO]: Cactus Growth Modifier: 100%
[02:07:47] [Server thread/INFO]: Cane Growth Modifier: 100%
[02:07:47] [Server thread/INFO]: Melon Growth Modifier: 100%
[02:07:47] [Server thread/INFO]: Mushroom Growth Modifier: 100%
[02:07:47] [Server thread/INFO]: Pumpkin Growth Modifier: 100%
[02:07:47] [Server thread/INFO]: Sapling Growth Modifier: 100%
[02:07:47] [Server thread/INFO]: Wheat Growth Modifier: 100%
[02:07:47] [Server thread/INFO]: NetherWart Growth Modifier: 100%
[02:07:47] [Server thread/INFO]: Entity Activation Range: An 32 / Mo 32 / Mi 16
[02:07:47] [Server thread/INFO]: Entity Tracking Range: Pl 48 / An 48 / Mo 48 / Mi 32 / Other 64
[02:07:47] [Server thread/INFO]: Hopper Transfer: 8 Hopper Check: 8 Hopper Amount: 1
[02:07:47] [Server thread/INFO]: Random Lighting Updates: false
[02:07:47] [Server thread/INFO]: Structure Info Saving: true
[02:07:47] [Server thread/INFO]: Sending up to 10 chunks per packet
[02:07:47] [Server thread/INFO]: Max Entity Collisions: 8
[02:07:47] [Server thread/INFO]: Custom Map Seeds:  Village: 10387312 Feature: 14357617
[02:07:47] [Server thread/INFO]: Max TNT Explosions: 100
[02:07:47] [Server thread/INFO]: Tile Max Tick Time: 50ms Entity max Tick Time: 50ms
[02:07:47] [Server thread/INFO]: Item Despawn Rate: 6000
[02:07:47] [Server thread/INFO]: Item Merge Radius: 2.5
[02:07:47] [Server thread/INFO]: Arrow Despawn Rate: 1200
[02:07:47] [Server thread/INFO]: Allow Zombie Pigmen to spawn from portal blocks: true
[02:07:47] [Server thread/INFO]: View Distance: 10
[02:07:47] [Server thread/INFO]: Zombie Aggressive Towards Villager: true
[02:07:47] [Server thread/INFO]: Chunks to Grow per Tick: 650
[02:07:47] [Server thread/INFO]: Clear tick list: false
[02:07:47] [Server thread/INFO]: Experience Merge Radius: 3.0
[02:07:47] [Server thread/INFO]: -------- World Settings For [Lobby] --------
[02:07:47] [Server thread/INFO]: Living Entity Despawn Ranges:  Soft: 32 Hard: 128
[02:07:47] [Server thread/INFO]: Max height for cactus growth 3. Max height for reed growth 3
[02:07:47] [Server thread/INFO]: Player blocking damage multiplier set to 0.5
[02:07:47] [Server thread/INFO]: Remove invalid mob spawner tile entities: true
[02:07:47] [Server thread/INFO]: Squids will spawn between Y: 45.0 and Y: 63.0
[02:07:47] [Server thread/INFO]: Water over lava flow speed: 5
[02:07:47] [Server thread/INFO]: Fix TNT cannons: true
[02:07:47] [Server thread/INFO]: Allow undead horse types to be leashed: false
[02:07:47] [Server thread/INFO]: Keep spawn chunk loaded: true
[02:07:47] [Server thread/INFO]: World async lighting: false
[02:07:47] [Server thread/INFO]: WorldServer TickNextTick cap set at 10000
[02:07:47] [Server thread/INFO]: WorldServer TickNextTickList cap always processes redstone: false
[02:07:47] [Server thread/INFO]: Preparing start region for level 4 (Seed: 4737604480129499222)
[02:07:48] [Server thread/INFO]: [VoidGen] Generator settings have not been set. Using default values:
[02:07:48] [Server thread/INFO]: [VoidGen] {"caves":false,"decoration":false,"mobs":false,"structures":false,"noise":false,"surface":false,"bedrock":false}
[02:07:48] [Server thread/INFO]: [VoidGen] Generator settings have not been set. Using default values:
[02:07:48] [Server thread/INFO]: [VoidGen] {"caves":false,"decoration":false,"mobs":false,"structures":false,"noise":false,"surface":false,"bedrock":false}
[02:07:48] [Server thread/INFO]: -------- World Settings For [mine-a] --------
[02:07:48] [Server thread/INFO]: Mob Spawn Range: 4
[02:07:48] [Server thread/INFO]: Anti X-Ray: true
[02:07:48] [Server thread/INFO]: 	Engine Mode: 1
[02:07:48] [Server thread/INFO]: 	Hidden Blocks: [14, 15, 16, 21, 48, 49, 54, 56, 73, 74, 82, 129, 130]
[02:07:48] [Server thread/INFO]: 	Replace Blocks: [1, 5]
[02:07:48] [Server thread/INFO]: Nerfing mobs spawned from spawners: false
[02:07:48] [Server thread/INFO]: Cactus Growth Modifier: 100%
[02:07:48] [Server thread/INFO]: Cane Growth Modifier: 100%
[02:07:48] [Server thread/INFO]: Melon Growth Modifier: 100%
[02:07:48] [Server thread/INFO]: Mushroom Growth Modifier: 100%
[02:07:48] [Server thread/INFO]: Pumpkin Growth Modifier: 100%
[02:07:48] [Server thread/INFO]: Sapling Growth Modifier: 100%
[02:07:48] [Server thread/INFO]: Wheat Growth Modifier: 100%
[02:07:48] [Server thread/INFO]: NetherWart Growth Modifier: 100%
[02:07:48] [Server thread/INFO]: Entity Activation Range: An 32 / Mo 32 / Mi 16
[02:07:48] [Server thread/INFO]: Entity Tracking Range: Pl 48 / An 48 / Mo 48 / Mi 32 / Other 64
[02:07:48] [Server thread/INFO]: Hopper Transfer: 8 Hopper Check: 8 Hopper Amount: 1
[02:07:48] [Server thread/INFO]: Random Lighting Updates: false
[02:07:48] [Server thread/INFO]: Structure Info Saving: true
[02:07:48] [Server thread/INFO]: Sending up to 10 chunks per packet
[02:07:48] [Server thread/INFO]: Max Entity Collisions: 8
[02:07:48] [Server thread/INFO]: Custom Map Seeds:  Village: 10387312 Feature: 14357617
[02:07:48] [Server thread/INFO]: Max TNT Explosions: 100
[02:07:48] [Server thread/INFO]: Tile Max Tick Time: 50ms Entity max Tick Time: 50ms
[02:07:48] [Server thread/INFO]: Item Despawn Rate: 6000
[02:07:48] [Server thread/INFO]: Item Merge Radius: 2.5
[02:07:48] [Server thread/INFO]: Arrow Despawn Rate: 1200
[02:07:48] [Server thread/INFO]: Allow Zombie Pigmen to spawn from portal blocks: true
[02:07:48] [Server thread/INFO]: View Distance: 10
[02:07:48] [Server thread/INFO]: Zombie Aggressive Towards Villager: true
[02:07:48] [Server thread/INFO]: Chunks to Grow per Tick: 650
[02:07:48] [Server thread/INFO]: Clear tick list: false
[02:07:48] [Server thread/INFO]: Experience Merge Radius: 3.0
[02:07:48] [Server thread/INFO]: -------- World Settings For [mine-a] --------
[02:07:48] [Server thread/INFO]: Living Entity Despawn Ranges:  Soft: 32 Hard: 128
[02:07:48] [Server thread/INFO]: Max height for cactus growth 3. Max height for reed growth 3
[02:07:48] [Server thread/INFO]: Player blocking damage multiplier set to 0.5
[02:07:48] [Server thread/INFO]: Remove invalid mob spawner tile entities: true
[02:07:48] [Server thread/INFO]: Squids will spawn between Y: 45.0 and Y: 63.0
[02:07:48] [Server thread/INFO]: Water over lava flow speed: 5
[02:07:48] [Server thread/INFO]: Fix TNT cannons: true
[02:07:48] [Server thread/INFO]: Allow undead horse types to be leashed: false
[02:07:48] [Server thread/INFO]: Keep spawn chunk loaded: true
[02:07:48] [Server thread/INFO]: World async lighting: false
[02:07:48] [Server thread/INFO]: WorldServer TickNextTick cap set at 10000
[02:07:48] [Server thread/INFO]: WorldServer TickNextTickList cap always processes redstone: false
[02:07:48] [Server thread/INFO]: Preparing start region for level 5 (Seed: 3659548407727895886)
[02:07:48] [Server thread/INFO]: [VoidGen] Generator settings have not been set. Using default values:
[02:07:48] [Server thread/INFO]: [VoidGen] {"caves":false,"decoration":false,"mobs":false,"structures":false,"noise":false,"surface":false,"bedrock":false}
[02:07:48] [Server thread/INFO]: [Multiverse-Core] 6 - World(s) loaded.
[02:07:48] [Server thread/INFO]: [Multiverse-Core] Version 2.5-b699 (API v19) Enabled - By Rigby, fernferret, lithium3141 and main--
[02:07:48] [Server thread/INFO]: [WorldEdit] Enabling WorldEdit v6.1.8-SNAPSHOT;cd4729f
[02:07:48] [Server thread/INFO]: WEPIF: Using the Bukkit Permissions API.
[02:07:48] [Server thread/INFO]: [WorldEdit] Using com.sk89q.worldedit.bukkit.adapter.impl.Spigot_v1_8_R3 as the Bukkit adapter
[02:07:48] [Server thread/INFO]: [AsyncWorldEdit] Initializing WorldEdit.
[02:07:48] [Server thread/INFO]: [AsyncWorldEdit] Direct chunk commands...enabled
[02:07:48] [Server thread/INFO]: [JetsPrisonMines] Enabling JetsPrisonMines v4.2.2
[02:07:48] [Server thread/INFO]: 
[JetsPrisonMines] Initializing Plugin
[02:07:48] [Server thread/INFO]: [JetsPrisonMines] hooks.yml found, loading!
[02:07:49] [Server thread/INFO]: [JetsPrisonMines] config.yml found, loading!
[02:07:49] [Server thread/INFO]: [JetsPrisonMines] messages.yml found, loading!
[02:07:49] [Server thread/INFO]: [JetsPrisonMines] Initializing Complete in 514 Ms

[02:07:49] [Server thread/INFO]: [AdvancedSetSpawn] Enabling AdvancedSetSpawn v2.5
[02:07:49] [Server thread/INFO]: [BetterEconomy] Enabling BetterEconomy v2.15
[02:07:49] [Server thread/INFO]: [PlaceholderAPI] Successfully registered expansion: bettereconomy [2.15]
[02:07:49] [Server thread/INFO]: [WorldGuard] Enabling WorldGuard v6.1.3-SNAPSHOT;c904242
[02:07:49] [Server thread/INFO]: [WorldGuard] (world) TNT ignition is PERMITTED.
[02:07:49] [Server thread/INFO]: [WorldGuard] (world) Lighters are PERMITTED.
[02:07:49] [Server thread/INFO]: [WorldGuard] (world) Lava fire is blocked.
[02:07:49] [Server thread/INFO]: [WorldGuard] (world) Fire spread is UNRESTRICTED.
[02:07:49] [Server thread/INFO]: [WorldGuard] Loaded configuration for world 'world'
[02:07:49] [Server thread/INFO]: [WorldGuard] (world_nether) TNT ignition is PERMITTED.
[02:07:49] [Server thread/INFO]: [WorldGuard] (world_nether) Lighters are PERMITTED.
[02:07:49] [Server thread/INFO]: [WorldGuard] (world_nether) Lava fire is blocked.
[02:07:49] [Server thread/INFO]: [WorldGuard] (world_nether) Fire spread is UNRESTRICTED.
[02:07:49] [Server thread/INFO]: [WorldGuard] Loaded configuration for world 'world_nether'
[02:07:49] [Server thread/INFO]: [WorldGuard] (world_the_end) TNT ignition is PERMITTED.
[02:07:49] [Server thread/INFO]: [WorldGuard] (world_the_end) Lighters are PERMITTED.
[02:07:49] [Server thread/INFO]: [WorldGuard] (world_the_end) Lava fire is blocked.
[02:07:49] [Server thread/INFO]: [WorldGuard] (world_the_end) Fire spread is UNRESTRICTED.
[02:07:49] [Server thread/INFO]: [WorldGuard] Loaded configuration for world 'world_the_end'
[02:07:49] [Server thread/INFO]: [WorldGuard] (mines) TNT ignition is PERMITTED.
[02:07:49] [Server thread/INFO]: [WorldGuard] (mines) Lighters are PERMITTED.
[02:07:49] [Server thread/INFO]: [WorldGuard] (mines) Lava fire is blocked.
[02:07:49] [Server thread/INFO]: [WorldGuard] (mines) Fire spread is UNRESTRICTED.
[02:07:49] [Server thread/INFO]: [WorldGuard] Loaded configuration for world 'mines'
[02:07:49] [Server thread/INFO]: [WorldGuard] (Lobby) TNT ignition is PERMITTED.
[02:07:49] [Server thread/INFO]: [WorldGuard] (Lobby) Lighters are PERMITTED.
[02:07:49] [Server thread/INFO]: [WorldGuard] (Lobby) Lava fire is blocked.
[02:07:49] [Server thread/INFO]: [WorldGuard] (Lobby) Fire spread is UNRESTRICTED.
[02:07:49] [Server thread/INFO]: [WorldGuard] Loaded configuration for world 'Lobby'
[02:07:49] [Server thread/INFO]: [WorldGuard] (mine-a) TNT ignition is PERMITTED.
[02:07:49] [Server thread/INFO]: [WorldGuard] (mine-a) Lighters are PERMITTED.
[02:07:49] [Server thread/INFO]: [WorldGuard] (mine-a) Lava fire is blocked.
[02:07:49] [Server thread/INFO]: [WorldGuard] (mine-a) Fire spread is UNRESTRICTED.
[02:07:49] [Server thread/INFO]: [WorldGuard] Loaded configuration for world 'mine-a'
[02:07:49] [Server thread/INFO]: [WorldGuard] Loading region data...
[02:07:49] [Server thread/INFO]: [Citizens] Enabling Citizens v2.0.32-SNAPSHOT (build 3156)
[02:07:49] [Server thread/INFO]: [Citizens] Loading external libraries
[02:07:49] [Server thread/INFO]: [PlaceholderAPI] Successfully registered expansion: citizensplaceholder [1.0.0]
[02:07:49] [Server thread/INFO]: [Citizens] Loaded economy handling via Vault.
[02:07:49] [Server thread/INFO]: [EdPrison] Enabling EdPrison v5.0
[02:07:50] [Server thread/INFO]: [PlaceholderAPI] Successfully registered expansion: edprison [1.0.0]
[02:07:50] [Server thread/INFO]: fortune was loaded (Enchant)
[02:07:50] [Server thread/INFO]: keyfinder was loaded (Enchant)
[02:07:50] [Server thread/INFO]: tokenminer was loaded (Lazy Enchant)
[02:07:50] [Server thread/INFO]: tokenmerchant was loaded (Enchant)
[02:07:50] [Server thread/INFO]: jackhammer was loaded (Enchant)
[02:07:50] [Server thread/INFO]: strike was loaded (Enchant)
[02:07:50] [Server thread/INFO]: speed was loaded (Enchant)
[02:07:50] [Server thread/INFO]: remove-speed was loaded (Enchant)
[02:07:50] [Server thread/INFO]: Registered static variable: randomtokenminer
[02:07:50] [Server thread/INFO]: Registered static variable: randomfortune
[02:07:50] [Server thread/INFO]: [EdPrison] Currency money was registered with Vault.
[02:07:50] [Server thread/INFO]: Server permissions file permissions.yml is empty, ignoring it
[02:07:50] [Server thread/INFO]: Done (3.664s)! For help, type "help" or "?"
[02:07:50] [Server thread/INFO]: Timings Reset
[02:07:50] [Server thread/INFO]: [AsyncWorldEdit] Loading plugins...
[02:07:50] [Server thread/INFO]: [ViaVersion] ViaVersion detected server version: 1.8.x (47)
[02:07:50] [Server thread/WARN]: [ViaVersion] This version of Minecraft is extremely outdated and support for it has reached its end of life. You will still be able to run Via on this Minecraft version, but we are unlikely to provide any further fixes or help with problems specific to legacy Minecraft versions. Please consider updating to give your players a better experience and to avoid issues that have long been fixed.
[02:07:50] [Server thread/WARN]: [ViaVersion] You are running an outdated Java version, please consider updating it to at least Java 17 (your version is 1.8.0_312). At some point in the future, ViaVersion will no longer be compatible with this version of Java.
[02:07:50] [Server thread/INFO]: [Citizens] Loaded 0 NPCs.
[02:07:50] [Server thread/INFO]: [PlaceholderAPI] Placeholder expansion registration initializing...
[02:07:50] [Craft Scheduler Thread - 2/INFO]: [ViaVersion] Finished mapping loading, shutting down loader executor!
[02:07:50] [Server thread/INFO]: [PlaceholderAPI] Successfully registered expansion: jetsprisonmines [1.1.1]
[02:07:50] [Server thread/INFO]: [0;32;1m1 placeholder hook(s) registered![m
[02:07:50] [Craft Scheduler Thread - 2/INFO]: [Vault] Checking for Updates ... 
[02:07:50] [Craft Scheduler Thread - 2/INFO]: [Vault] No new version available
[02:07:51] [Server thread/WARN]: [ViaVersion] You are running a development version of the plugin, please report any bugs to GitHub.
